2025-07-28T07:51:51.462Z [info]: MongoDB connected: localhost
2025-07-28T09:31:24.879Z [info]: MongoDB connected: localhost
2025-07-28T09:31:43.169Z [info]: MongoDB connected: localhost
2025-07-28T09:31:47.788Z [info]: MongoDB connected: localhost
2025-07-28T09:32:25.482Z [info]: MongoDB connected: localhost
2025-07-28T09:33:20.679Z [info]: MongoDB connected: localhost
2025-07-28T09:39:32.844Z [info]: Generated OTP: 693297 for email: clownsart385@gmail.com
2025-07-28T12:09:39.513Z [info]: MongoDB connected: localhost
2025-07-28T12:09:44.512Z [info]: MongoDB connected: localhost
2025-07-28T12:09:51.190Z [info]: User logged out successfully
2025-07-28T12:10:12.624Z [info]: MongoDB connected: localhost
2025-07-28T12:13:06.854Z [info]: User logged out successfully
2025-07-28T12:13:17.017Z [info]: Generated OTP: 358633 for forgot password request for email: clownsart385@gmail.com
2025-07-28T17:20:23.571Z [info]: MongoDB connected: localhost
2025-07-28T17:20:48.834Z [info]: User logged out successfully
2025-07-28T17:23:30.144Z [info]: User logged out successfully
2025-07-28T17:24:01.784Z [info]: Generated OTP: 399241 for email: sanjupn@gmail.com
2025-07-28T17:24:25.379Z [error]: Error verifying OTP E11000 duplicate key error collection: ChainVerse_001.users index: refferalCode_1 dup key: { refferalCode: null }
2025-07-28T17:25:06.151Z [error]: Error verifying OTP OTP not found for this email
2025-07-28T17:25:09.942Z [info]: Generated OTP: 851671 for email: sanjupn@gmail.com
2025-07-28T18:03:33.300Z [info]: User logged out successfully
2025-07-28T18:23:22.792Z [info]: Generated OTP: 873704 for email: arshadpottengattu007@gmail.com
2025-07-28T18:27:21.248Z [info]: User logged out successfully
2025-07-28T18:27:40.854Z [info]: Generated OTP: 922583 for email: katoorkad@gmail.com
2025-07-28T19:50:25.502Z [info]: MongoDB connected: localhost
2025-07-29T04:05:33.287Z [info]: MongoDB connected: localhost
2025-07-29T04:06:17.235Z [info]: User logged out successfully
2025-07-29T04:06:53.215Z [info]: Generated OTP: 185838 for email: ruwaizmohammed1@gmail.com
2025-07-29T04:08:12.915Z [info]: User logged out successfully
2025-07-29T04:15:33.827Z [info]: MongoDB connected: localhost
2025-07-29T04:46:16.211Z [info]: Generated OTP: 723508 for forgot password request for email: ruwaizmohammed1@gmail.com
2025-07-29T04:49:34.622Z [info]: Generated OTP: 535632 for forgot password request for email: ruwaizmohammed1@gmail.com
2025-07-29T05:04:50.688Z [error]: Error logging in Invalid password
2025-07-29T06:10:08.377Z [info]: MongoDB connected: localhost
2025-07-29T06:13:38.770Z [info]: User logged out successfully
2025-07-29T06:15:05.947Z [info]: Generated OTP: 492424 for forgot password request for email: clownsart385@gmail.com
2025-07-29T06:16:23.440Z [error]: Error logging in Invalid password
2025-07-29T06:17:24.167Z [error]: Error logging in Invalid password
2025-07-29T08:35:46.441Z [info]: User logged out successfully
2025-07-31T06:30:15.611Z [info]: MongoDB connected: localhost
2025-07-31T06:42:58.080Z [info]: MongoDB connected: localhost
2025-07-31T06:44:09.985Z [info]: Generated OTP: 113294 for email: tester001@gmail.com
2025-07-31T14:04:52.872Z [info]: User logged out successfully
2025-07-31T14:06:10.801Z [info]: User logged out successfully
2025-08-01T03:55:52.167Z [info]: MongoDB connected: localhost
2025-08-01T03:58:19.552Z [info]: MongoDB connected: localhost
2025-08-01T03:58:31.230Z [info]: MongoDB connected: localhost
2025-08-01T03:58:44.694Z [info]: MongoDB connected: localhost
2025-08-01T03:59:04.806Z [info]: MongoDB connected: localhost
2025-08-01T04:00:34.154Z [info]: MongoDB connected: localhost
2025-08-01T04:00:38.833Z [info]: MongoDB connected: localhost
2025-08-01T04:01:44.940Z [info]: MongoDB connected: localhost
2025-08-01T04:01:54.341Z [info]: MongoDB connected: localhost
2025-08-01T04:02:03.862Z [info]: MongoDB connected: localhost
2025-08-01T04:02:26.384Z [info]: MongoDB connected: localhost
2025-08-01T04:04:04.851Z [info]: MongoDB connected: localhost
2025-08-01T04:05:03.738Z [info]: MongoDB connected: localhost
2025-08-01T04:05:20.269Z [info]: MongoDB connected: localhost
2025-08-01T04:05:27.834Z [info]: MongoDB connected: localhost
2025-08-01T04:05:46.127Z [info]: MongoDB connected: localhost
2025-08-01T04:05:52.593Z [info]: MongoDB connected: localhost
2025-08-01T04:08:10.964Z [info]: MongoDB connected: localhost
2025-08-01T04:08:37.963Z [info]: MongoDB connected: localhost
2025-08-01T04:08:46.589Z [info]: MongoDB connected: localhost
2025-08-01T04:08:52.216Z [info]: MongoDB connected: localhost
2025-08-01T04:08:57.658Z [info]: MongoDB connected: localhost
2025-08-01T04:09:05.381Z [info]: MongoDB connected: localhost
2025-08-01T04:09:16.810Z [info]: MongoDB connected: localhost
2025-08-01T04:09:35.908Z [info]: MongoDB connected: localhost
2025-08-01T04:09:50.692Z [info]: MongoDB connected: localhost
2025-08-01T04:09:56.840Z [info]: MongoDB connected: localhost
2025-08-01T04:10:02.533Z [info]: MongoDB connected: localhost
2025-08-01T04:10:11.335Z [info]: MongoDB connected: localhost
2025-08-01T04:10:25.578Z [info]: MongoDB connected: localhost
2025-08-01T04:10:31.464Z [info]: MongoDB connected: localhost
2025-08-01T04:10:45.635Z [info]: MongoDB connected: localhost
2025-08-01T04:10:55.232Z [info]: MongoDB connected: localhost
2025-08-01T04:11:24.128Z [info]: MongoDB connected: localhost
2025-08-01T04:15:33.334Z [info]: MongoDB connected: localhost
2025-08-01T04:15:43.947Z [info]: MongoDB connected: localhost
2025-08-01T04:16:41.844Z [info]: MongoDB connected: localhost
2025-08-01T04:18:49.768Z [info]: MongoDB connected: localhost
2025-08-01T04:18:53.885Z [info]: MongoDB connected: localhost
2025-08-01T04:19:23.731Z [info]: MongoDB connected: localhost
2025-08-01T04:20:11.918Z [info]: MongoDB connected: localhost
2025-08-01T04:20:16.884Z [info]: MongoDB connected: localhost
2025-08-01T04:20:27.611Z [info]: MongoDB connected: localhost
2025-08-01T04:20:43.332Z [info]: MongoDB connected: localhost
2025-08-01T04:20:56.267Z [info]: MongoDB connected: localhost
2025-08-01T04:21:54.779Z [info]: MongoDB connected: localhost
2025-08-01T04:28:22.508Z [error]: Redis Client Error
2025-08-01T04:28:22.539Z [info]: MongoDB connected: localhost
2025-08-01T04:28:22.743Z [info]: Redis client is reconnecting
2025-08-01T04:28:22.745Z [error]: Redis Client Error
2025-08-01T04:28:22.988Z [info]: Redis client is reconnecting
2025-08-01T04:28:22.991Z [error]: Redis Client Error
2025-08-01T04:28:23.279Z [info]: Redis client is reconnecting
2025-08-01T04:28:23.281Z [error]: Redis Client Error
2025-08-01T04:28:23.784Z [info]: Redis client is reconnecting
2025-08-01T04:28:23.786Z [error]: Redis Client Error
2025-08-01T04:28:24.613Z [info]: Redis client is reconnecting
2025-08-01T04:28:24.615Z [error]: Redis Client Error
2025-08-01T04:28:26.235Z [info]: Redis client is reconnecting
2025-08-01T04:28:26.237Z [error]: Redis Client Error
2025-08-01T04:28:28.351Z [info]: Redis client is reconnecting
2025-08-01T04:28:28.353Z [error]: Redis Client Error
2025-08-01T04:28:30.389Z [info]: Redis client is reconnecting
2025-08-01T04:28:30.393Z [error]: Redis Client Error
2025-08-01T04:28:32.579Z [info]: Redis client is reconnecting
2025-08-01T04:28:32.581Z [error]: Redis Client Error
2025-08-01T04:28:34.693Z [info]: Redis client is reconnecting
2025-08-01T04:28:34.695Z [error]: Redis Client Error
2025-08-01T04:28:36.751Z [info]: Redis client is reconnecting
2025-08-01T04:28:36.753Z [error]: Redis Client Error
2025-08-01T04:28:38.866Z [info]: Redis client is reconnecting
2025-08-01T04:28:38.868Z [error]: Redis Client Error
2025-08-01T04:28:41.041Z [info]: Redis client is reconnecting
2025-08-01T04:28:41.043Z [error]: Redis Client Error
2025-08-01T04:28:43.218Z [info]: Redis client is reconnecting
2025-08-01T04:28:43.220Z [error]: Redis Client Error
2025-08-01T04:28:58.128Z [error]: Redis Client Error
2025-08-01T04:28:58.167Z [info]: MongoDB connected: localhost
2025-08-01T04:28:58.341Z [info]: Redis client is reconnecting
2025-08-01T04:28:58.344Z [error]: Redis Client Error
2025-08-01T04:28:58.586Z [info]: Redis client is reconnecting
2025-08-01T04:28:58.588Z [error]: Redis Client Error
2025-08-01T04:28:58.940Z [info]: Redis client is reconnecting
2025-08-01T04:28:58.942Z [error]: Redis Client Error
2025-08-01T04:28:59.445Z [info]: Redis client is reconnecting
2025-08-01T04:28:59.447Z [error]: Redis Client Error
2025-08-01T04:29:00.288Z [info]: Redis client is reconnecting
2025-08-01T04:29:00.290Z [error]: Redis Client Error
2025-08-01T04:29:01.956Z [info]: Redis client is reconnecting
2025-08-01T04:29:01.959Z [error]: Redis Client Error
2025-08-01T04:29:04.098Z [info]: Redis client is reconnecting
2025-08-01T04:29:04.101Z [error]: Redis Client Error
2025-08-01T04:29:06.213Z [info]: Redis client is reconnecting
2025-08-01T04:29:06.216Z [error]: Redis Client Error
2025-08-01T04:29:08.282Z [info]: Redis client is reconnecting
2025-08-01T04:29:08.285Z [error]: Redis Client Error
2025-08-01T04:29:10.292Z [info]: Redis client is reconnecting
2025-08-01T04:29:10.294Z [error]: Redis Client Error
2025-08-01T04:29:12.468Z [info]: Redis client is reconnecting
2025-08-01T04:29:12.470Z [error]: Redis Client Error
2025-08-01T04:29:14.586Z [info]: Redis client is reconnecting
2025-08-01T04:29:14.593Z [error]: Redis Client Error
2025-08-01T04:29:16.618Z [info]: Redis client is reconnecting
2025-08-01T04:29:16.698Z [error]: Redis Client Error
2025-08-01T04:29:18.712Z [info]: Redis client is reconnecting
2025-08-01T04:29:18.722Z [error]: Redis Client Error
2025-08-01T04:29:20.877Z [info]: Redis client is reconnecting
2025-08-01T04:29:20.880Z [error]: Redis Client Error
2025-08-01T04:29:22.949Z [info]: Redis client is reconnecting
2025-08-01T04:29:22.951Z [error]: Redis Client Error
2025-08-01T04:29:25.081Z [info]: Redis client is reconnecting
2025-08-01T04:29:25.083Z [error]: Redis Client Error
2025-08-01T04:29:27.163Z [info]: Redis client is reconnecting
2025-08-01T04:29:27.165Z [error]: Redis Client Error
2025-08-01T04:29:29.228Z [info]: Redis client is reconnecting
2025-08-01T04:29:29.230Z [error]: Redis Client Error
2025-08-01T04:29:31.268Z [info]: Redis client is reconnecting
2025-08-01T04:29:31.270Z [error]: Redis Client Error
2025-08-01T04:29:33.323Z [info]: Redis client is reconnecting
2025-08-01T04:29:33.325Z [error]: Redis Client Error
2025-08-01T04:29:35.408Z [info]: Redis client is reconnecting
2025-08-01T04:29:35.409Z [error]: Redis Client Error
2025-08-01T04:29:51.220Z [error]: Redis Client Error
2025-08-01T04:29:51.237Z [info]: MongoDB connected: localhost
2025-08-01T04:29:51.427Z [info]: Redis client is reconnecting
2025-08-01T04:29:51.429Z [error]: Redis Client Error
2025-08-01T04:29:51.672Z [info]: Redis client is reconnecting
2025-08-01T04:29:51.673Z [error]: Redis Client Error
2025-08-01T04:29:52.025Z [info]: Redis client is reconnecting
2025-08-01T04:29:52.026Z [error]: Redis Client Error
2025-08-01T04:29:52.454Z [info]: Redis client is reconnecting
2025-08-01T04:29:52.456Z [error]: Redis Client Error
2025-08-01T04:29:53.389Z [info]: Redis client is reconnecting
2025-08-01T04:29:53.391Z [error]: Redis Client Error
2025-08-01T04:29:55.061Z [info]: Redis client is reconnecting
2025-08-01T04:29:55.063Z [error]: Redis Client Error
2025-08-01T04:29:57.083Z [info]: Redis client is reconnecting
2025-08-01T04:29:57.085Z [error]: Redis Client Error
2025-08-01T04:29:59.274Z [info]: Redis client is reconnecting
2025-08-01T04:29:59.276Z [error]: Redis Client Error
2025-08-01T04:30:01.343Z [info]: Redis client is reconnecting
2025-08-01T04:30:01.345Z [error]: Redis Client Error
2025-08-01T04:30:03.458Z [info]: Redis client is reconnecting
2025-08-01T04:30:03.460Z [error]: Redis Client Error
2025-08-01T04:30:05.498Z [info]: Redis client is reconnecting
2025-08-01T04:30:05.500Z [error]: Redis Client Error
2025-08-01T04:30:07.623Z [info]: Redis client is reconnecting
2025-08-01T04:30:07.643Z [error]: Redis Client Error
2025-08-01T04:30:09.833Z [info]: Redis client is reconnecting
2025-08-01T04:30:09.835Z [error]: Redis Client Error
2025-08-01T04:30:11.852Z [info]: Redis client is reconnecting
2025-08-01T04:30:11.855Z [error]: Redis Client Error
2025-08-01T04:30:14.058Z [info]: Redis client is reconnecting
2025-08-01T04:30:14.061Z [error]: Redis Client Error
2025-08-01T04:30:16.204Z [info]: Redis client is reconnecting
2025-08-01T04:30:16.207Z [error]: Redis Client Error
2025-08-01T04:30:18.399Z [info]: Redis client is reconnecting
2025-08-01T04:30:18.401Z [error]: Redis Client Error
2025-08-01T04:30:20.421Z [info]: Redis client is reconnecting
2025-08-01T04:30:20.423Z [error]: Redis Client Error
2025-08-01T04:30:22.598Z [info]: Redis client is reconnecting
2025-08-01T04:30:22.600Z [error]: Redis Client Error
2025-08-01T04:30:24.806Z [info]: Redis client is reconnecting
2025-08-01T04:30:24.809Z [error]: Redis Client Error
2025-08-01T04:30:26.816Z [info]: Redis client is reconnecting
2025-08-01T04:30:26.818Z [error]: Redis Client Error
2025-08-01T04:30:29.023Z [info]: Redis client is reconnecting
2025-08-01T04:30:29.024Z [error]: Redis Client Error
2025-08-01T04:30:31.153Z [info]: Redis client is reconnecting
2025-08-01T04:30:31.161Z [error]: Redis Client Error
2025-08-01T04:34:05.696Z [error]: Redis Client Error
2025-08-01T04:34:05.708Z [info]: MongoDB connected: localhost
2025-08-01T04:34:05.871Z [info]: Redis client is reconnecting
2025-08-01T04:34:05.873Z [error]: Redis Client Error
2025-08-01T04:34:06.024Z [info]: Redis client is reconnecting
2025-08-01T04:34:06.026Z [error]: Redis Client Error
2025-08-01T04:34:06.300Z [info]: Redis client is reconnecting
2025-08-01T04:34:06.302Z [error]: Redis Client Error
2025-08-01T04:34:06.714Z [info]: Redis client is reconnecting
2025-08-01T04:34:06.716Z [error]: Redis Client Error
2025-08-01T04:34:07.619Z [info]: Redis client is reconnecting
2025-08-01T04:34:07.621Z [error]: Redis Client Error
2025-08-01T04:34:09.289Z [info]: Redis client is reconnecting
2025-08-01T04:34:09.291Z [error]: Redis Client Error
2025-08-01T04:34:11.479Z [info]: Redis client is reconnecting
2025-08-01T04:34:11.482Z [error]: Redis Client Error
2025-08-01T04:34:13.590Z [info]: Redis client is reconnecting
2025-08-01T04:34:13.603Z [error]: Redis Client Error
2025-08-01T04:34:15.629Z [info]: Redis client is reconnecting
2025-08-01T04:34:15.632Z [error]: Redis Client Error
2025-08-01T04:34:17.819Z [info]: Redis client is reconnecting
2025-08-01T04:34:17.821Z [error]: Redis Client Error
2025-08-01T04:34:19.995Z [info]: Redis client is reconnecting
2025-08-01T04:34:19.998Z [error]: Redis Client Error
2025-08-01T04:34:24.743Z [info]: Redis client is reconnecting
2025-08-01T04:34:24.758Z [error]: Redis Client Error
2025-08-01T04:34:26.835Z [info]: Redis client is reconnecting
2025-08-01T04:34:26.838Z [error]: Redis Client Error
2025-08-01T04:34:28.857Z [info]: Redis client is reconnecting
2025-08-01T04:34:28.860Z [error]: Redis Client Error
2025-08-01T04:34:30.975Z [info]: Redis client is reconnecting
2025-08-01T04:34:30.977Z [error]: Redis Client Error
2025-08-01T04:34:33.121Z [info]: Redis client is reconnecting
2025-08-01T04:34:33.123Z [error]: Redis Client Error
2025-08-01T04:34:35.331Z [info]: Redis client is reconnecting
2025-08-01T04:34:35.353Z [error]: Redis Client Error
2025-08-01T04:34:37.382Z [info]: Redis client is reconnecting
2025-08-01T04:34:37.384Z [error]: Redis Client Error
2025-08-01T04:34:39.512Z [info]: Redis client is reconnecting
2025-08-01T04:34:39.514Z [error]: Redis Client Error
2025-08-01T04:34:41.600Z [info]: Redis client is reconnecting
2025-08-01T04:34:41.602Z [error]: Redis Client Error
2025-08-01T04:34:43.664Z [info]: Redis client is reconnecting
2025-08-01T04:34:43.666Z [error]: Redis Client Error
2025-08-01T04:34:45.719Z [info]: Redis client is reconnecting
2025-08-01T04:34:45.721Z [error]: Redis Client Error
2025-08-01T04:34:47.746Z [info]: Redis client is reconnecting
2025-08-01T04:34:47.748Z [error]: Redis Client Error
2025-08-01T04:34:49.834Z [info]: Redis client is reconnecting
2025-08-01T04:34:49.836Z [error]: Redis Client Error
2025-08-01T04:34:52.028Z [info]: Redis client is reconnecting
2025-08-01T04:34:52.031Z [error]: Redis Client Error
2025-08-01T06:05:45.783Z [error]: Redis Client Error
2025-08-01T06:05:45.822Z [info]: MongoDB connected: localhost
2025-08-01T06:05:45.900Z [info]: Redis client is reconnecting
2025-08-01T06:05:45.902Z [error]: Redis Client Error
2025-08-01T06:05:46.069Z [info]: Redis client is reconnecting
2025-08-01T06:05:46.071Z [error]: Redis Client Error
2025-08-01T06:05:46.284Z [info]: Redis client is reconnecting
2025-08-01T06:05:46.286Z [error]: Redis Client Error
2025-08-01T06:05:46.850Z [info]: Redis client is reconnecting
2025-08-01T06:05:46.853Z [error]: Redis Client Error
2025-08-01T06:05:47.846Z [info]: Redis client is reconnecting
2025-08-01T06:05:47.848Z [error]: Redis Client Error
2025-08-01T06:05:49.486Z [info]: Redis client is reconnecting
2025-08-01T06:05:49.488Z [error]: Redis Client Error
2025-08-01T06:05:51.694Z [info]: Redis client is reconnecting
2025-08-01T06:05:51.696Z [error]: Redis Client Error
2025-08-01T06:05:53.856Z [info]: Redis client is reconnecting
2025-08-01T06:05:53.858Z [error]: Redis Client Error
2025-08-01T06:05:55.923Z [info]: Redis client is reconnecting
2025-08-01T06:05:55.925Z [error]: Redis Client Error
2025-08-01T06:05:58.008Z [info]: Redis client is reconnecting
2025-08-01T06:05:58.010Z [error]: Redis Client Error
2025-08-01T06:06:00.152Z [info]: Redis client is reconnecting
2025-08-01T06:06:00.155Z [error]: Redis Client Error
2025-08-01T06:06:02.337Z [info]: Redis client is reconnecting
2025-08-01T06:06:02.349Z [error]: Redis Client Error
2025-08-01T06:06:04.446Z [info]: Redis client is reconnecting
2025-08-01T06:06:04.457Z [error]: Redis Client Error
2025-08-01T06:06:06.596Z [info]: Redis client is reconnecting
2025-08-01T06:06:06.598Z [error]: Redis Client Error
2025-08-01T06:06:08.668Z [info]: Redis client is reconnecting
2025-08-01T06:06:08.670Z [error]: Redis Client Error
2025-08-01T06:06:10.704Z [info]: Redis client is reconnecting
2025-08-01T06:06:10.707Z [error]: Redis Client Error
2025-08-01T06:06:12.836Z [info]: Redis client is reconnecting
2025-08-01T06:06:12.838Z [error]: Redis Client Error
2025-08-01T06:06:14.969Z [info]: Redis client is reconnecting
2025-08-01T06:06:14.971Z [error]: Redis Client Error
2025-08-01T06:06:30.162Z [error]: Redis Client Error
2025-08-01T06:06:30.183Z [info]: MongoDB connected: localhost
2025-08-01T06:06:30.333Z [info]: Redis client is reconnecting
2025-08-01T06:06:30.335Z [error]: Redis Client Error
2025-08-01T06:06:30.567Z [info]: Redis client is reconnecting
2025-08-01T06:06:30.569Z [error]: Redis Client Error
2025-08-01T06:06:30.873Z [info]: Redis client is reconnecting
2025-08-01T06:06:30.875Z [error]: Redis Client Error
2025-08-01T06:06:31.410Z [info]: Redis client is reconnecting
2025-08-01T06:06:31.412Z [error]: Redis Client Error
2025-08-01T06:06:32.375Z [info]: Redis client is reconnecting
2025-08-01T06:06:32.377Z [error]: Redis Client Error
2025-08-01T06:06:34.091Z [info]: Redis client is reconnecting
2025-08-01T06:06:34.093Z [error]: Redis Client Error
2025-08-01T06:06:36.297Z [info]: Redis client is reconnecting
2025-08-01T06:06:36.299Z [error]: Redis Client Error
2025-08-01T06:06:38.335Z [info]: Redis client is reconnecting
2025-08-01T06:06:38.338Z [error]: Redis Client Error
2025-08-01T06:06:40.419Z [info]: Redis client is reconnecting
2025-08-01T06:06:40.421Z [error]: Redis Client Error
2025-08-01T06:06:42.445Z [info]: Redis client is reconnecting
2025-08-01T06:06:42.447Z [error]: Redis Client Error
2025-08-01T06:06:44.481Z [info]: Redis client is reconnecting
2025-08-01T06:06:44.484Z [error]: Redis Client Error
2025-08-01T06:06:51.374Z [info]: MongoDB connected: localhost
2025-08-01T06:07:18.222Z [info]: Generated OTP: 217116 for email: aswin@gmail.com
2025-08-01T06:14:06.197Z [error]: Error verifying OTP Invalid OTP
2025-08-01T06:14:14.967Z [info]: Generated OTP: 705891 for email: aswin@gmail.com
2025-08-01T07:37:27.263Z [info]: MongoDB connected: localhost
2025-08-01T07:42:02.899Z [info]: MongoDB connected: localhost
2025-08-01T09:06:15.971Z [info]: User logged out successfully
2025-08-01T10:32:28.980Z [info]: MongoDB connected: localhost
2025-08-01T10:39:38.910Z [error]: Error logging in Invalid password
2025-08-01T10:39:45.529Z [error]: Error logging in Invalid password
2025-08-01T10:47:24.918Z [info]: User logged out successfully
2025-08-01T10:47:54.030Z [info]: Generated OTP: 291469 for email: aswin1@gmail.com
2025-08-01T13:07:14.980Z [info]: MongoDB connected: localhost
2025-08-02T03:40:12.305Z [info]: User logged out successfully
2025-08-02T03:45:51.280Z [info]: User logged out successfully
2025-08-02T05:34:18.503Z [info]: Generated OTP: 250742 for forgot password request for email: clownsart385@gmail.com
2025-08-02T06:08:14.138Z [info]: MongoDB connected: localhost
2025-08-02T06:08:49.704Z [info]: MongoDB connected: localhost
2025-08-02T06:09:14.062Z [info]: MongoDB connected: localhost
2025-08-02T07:51:58.327Z [info]: MongoDB connected: localhost
2025-08-02T07:55:11.906Z [info]: MongoDB connected: localhost
2025-08-02T07:55:21.550Z [info]: MongoDB connected: localhost
2025-08-02T07:56:35.399Z [info]: MongoDB connected: localhost
2025-08-02T07:57:18.461Z [info]: MongoDB connected: localhost
2025-08-02T07:57:34.136Z [info]: MongoDB connected: localhost
2025-08-02T07:57:40.039Z [info]: MongoDB connected: localhost
2025-08-02T07:58:34.394Z [info]: MongoDB connected: localhost
2025-08-02T08:01:46.027Z [info]: MongoDB connected: localhost
2025-08-02T08:02:04.865Z [info]: MongoDB connected: localhost
2025-08-02T08:02:30.198Z [info]: MongoDB connected: localhost
2025-08-02T08:03:59.680Z [info]: MongoDB connected: localhost
2025-08-02T08:04:15.996Z [info]: MongoDB connected: localhost
2025-08-02T08:05:28.653Z [info]: MongoDB connected: localhost
2025-08-02T08:06:23.820Z [info]: MongoDB connected: localhost
2025-08-02T08:06:47.410Z [info]: MongoDB connected: localhost
2025-08-02T08:07:17.083Z [info]: MongoDB connected: localhost
2025-08-02T08:07:40.158Z [info]: MongoDB connected: localhost
2025-08-02T08:07:44.941Z [info]: MongoDB connected: localhost
2025-08-02T08:07:59.595Z [info]: MongoDB connected: localhost
2025-08-02T08:08:24.431Z [info]: MongoDB connected: localhost
2025-08-02T08:08:43.000Z [info]: MongoDB connected: localhost
2025-08-02T08:10:13.061Z [info]: MongoDB connected: localhost
2025-08-02T10:47:59.915Z [info]: MongoDB connected: localhost
2025-08-02T10:48:11.098Z [info]: MongoDB connected: localhost
2025-08-02T10:56:46.235Z [info]: MongoDB connected: localhost
2025-08-02T10:59:25.944Z [info]: Generated OTP: 626701 for forgot password request for email: clownsart385@gmail.com
2025-08-02T11:00:20.355Z [error]: Error logging in User not found
2025-08-02T11:00:43.488Z [error]: Error logging in Invalid password
2025-08-02T11:03:08.641Z [info]: Generated OTP: 261567 for forgot password request for email: clownsart385@gmail.com
2025-08-02T11:09:12.307Z [info]: MongoDB connected: localhost
2025-08-02T11:09:25.838Z [info]: Generated OTP: 760194 for forgot password request for email: clownsart385@gmail.com
2025-08-02T11:09:54.599Z [error]: Error logging in Invalid password
2025-08-02T12:11:15.552Z [error]: Error logging in User not found
2025-08-02T12:12:06.296Z [error]: Error logging in User not found
2025-08-02T12:14:43.856Z [error]: Error logging in User not found
2025-08-02T12:14:54.112Z [error]: Error logging in User not found
2025-08-02T13:02:14.390Z [info]: MongoDB connected: localhost
2025-08-02T13:11:44.594Z [info]: Generated OTP: 302833 for forgot password request for email: clownsart385@gmail.com
2025-08-02T13:52:20.309Z [info]: Generated OTP: 305276 for forgot password request for email: clownsart385@gmail.com
2025-08-02T13:53:13.710Z [error]: Error resetting password User not found
2025-08-02T13:54:39.119Z [error]: Error resetting password User not found
2025-08-02T14:01:23.759Z [error]: Error logging in Invalid password
2025-08-02T14:25:28.514Z [error]: Error logging in Invalid password
2025-08-02T14:25:46.197Z [info]: Generated OTP: 356669 for forgot password request for email: clownsart385@gmail.com
2025-08-02T14:25:55.156Z [info]: Generated OTP: 615410 for forgot password request for email: clownsart385@gmail.com
2025-08-02T14:26:51.532Z [info]: Generated OTP: 801135 for email: normal@gmail.com
2025-08-02T16:26:01.509Z [error]: Error connecting to MongoDB: MongooseServerSelectionError: connect ECONNREFUSED 127.0.0.1:27017, connect ECONNREFUSED ::1:27017
2025-08-03T08:03:48.753Z [error]: Error connecting to MongoDB: MongooseServerSelectionError: connect ECONNREFUSED 127.0.0.1:27017, connect ECONNREFUSED ::1:27017
2025-08-03T08:05:04.384Z [error]: Error connecting to MongoDB: MongooseServerSelectionError: Could not connect to any servers in your MongoDB Atlas cluster. One common reason is that you're trying to access the database from an IP that isn't whitelisted. Make sure your current IP address is on your Atlas cluster's IP whitelist: https://www.mongodb.com/docs/atlas/security-whitelist/
2025-08-03T08:07:40.003Z [info]: MongoDB connected: ac-ptht5ti-shard-00-00.go29sde.mongodb.net
2025-08-03T08:24:43.029Z [error]: Error logging in User not found
2025-08-03T08:25:33.194Z [info]: Generated OTP: 804699 for email: newuser00001@gmail.com
2025-08-03T08:26:07.141Z [error]: Error logging in Invalid password
2025-08-03T08:28:04.031Z [info]: MongoDB connected: ac-ptht5ti-shard-00-00.go29sde.mongodb.net
2025-08-03T08:28:44.270Z [info]: MongoDB connected: ac-ptht5ti-shard-00-00.go29sde.mongodb.net
2025-08-03T08:30:49.648Z [info]: MongoDB connected: ac-ptht5ti-shard-00-00.go29sde.mongodb.net
2025-08-03T09:03:25.593Z [info]: Generated OTP: 677275 for forgot password request for email: newuser00001@gmail.com
2025-08-03T09:27:33.019Z [info]: MongoDB connected: ac-ptht5ti-shard-00-00.go29sde.mongodb.net
2025-08-03T09:27:37.102Z [info]: Generated OTP: 561629 for forgot password request for email: newuser00001@gmail.com
2025-08-03T09:27:47.470Z [info]: Generated OTP: 197123 for forgot password request for email: newuser00001@gmail.com
2025-08-03T09:29:41.148Z [info]: Generated OTP: 716567 for forgot password request for email: newuser00001@gmail.com
2025-08-03T09:36:59.589Z [info]: MongoDB connected: ac-ptht5ti-shard-00-00.go29sde.mongodb.net
2025-08-03T09:37:06.278Z [info]: MongoDB connected: ac-ptht5ti-shard-00-00.go29sde.mongodb.net
2025-08-03T10:07:38.833Z [info]: MongoDB connected: ac-ptht5ti-shard-00-00.go29sde.mongodb.net
2025-08-03T10:10:12.508Z [info]: MongoDB connected: ac-ptht5ti-shard-00-00.go29sde.mongodb.net
2025-08-03T10:11:53.461Z [info]: MongoDB connected: ac-ptht5ti-shard-00-00.go29sde.mongodb.net
2025-08-03T10:12:36.256Z [info]: MongoDB connected: ac-ptht5ti-shard-00-00.go29sde.mongodb.net
2025-08-03T10:12:41.181Z [info]: Generated OTP: 834360 for forgot password request for email: newuser00001@gmail.com
2025-08-03T10:13:27.309Z [error]: Error resetting password Invalid password reset token
2025-08-03T10:17:25.728Z [info]: MongoDB connected: ac-ptht5ti-shard-00-00.go29sde.mongodb.net
2025-08-03T10:20:08.164Z [info]: MongoDB connected: ac-ptht5ti-shard-00-00.go29sde.mongodb.net
2025-08-03T10:21:36.615Z [info]: MongoDB connected: ac-ptht5ti-shard-00-00.go29sde.mongodb.net
2025-08-03T10:22:11.218Z [info]: MongoDB connected: ac-ptht5ti-shard-00-00.go29sde.mongodb.net
2025-08-03T10:29:01.421Z [info]: Generated OTP: 340110 for forgot password request for email: newuser00001@gmail.com
2025-08-03T10:29:28.641Z [error]: Error logging in Invalid password
2025-08-03T10:29:34.632Z [error]: Error logging in Invalid password
2025-08-03T10:47:28.365Z [info]: Generated OTP: 195415 for email: kotliner00001@gmail.com
2025-08-03T10:47:40.955Z [error]: Error verifying OTP E11000 duplicate key error collection: test.users index: referralCode_1 dup key: { referralCode: null }
2025-08-03T10:49:27.847Z [info]: Generated OTP: 850244 for email: kotliner00001@gmail.com
2025-08-03T10:49:42.394Z [error]: Error verifying OTP E11000 duplicate key error collection: test.users index: referralCode_1 dup key: { referralCode: null }
2025-08-03T10:53:06.882Z [info]: Generated OTP: 951404 for email: kotliner00001@gmail.com
2025-08-03T10:53:19.995Z [error]: Error verifying OTP E11000 duplicate key error collection: test.users index: referralCode_1 dup key: { referralCode: null }
2025-08-03T10:54:07.369Z [info]: MongoDB connected: ac-ptht5ti-shard-00-00.go29sde.mongodb.net
2025-08-03T10:54:37.134Z [info]: MongoDB connected: ac-ptht5ti-shard-00-00.go29sde.mongodb.net
2025-08-03T10:54:50.229Z [info]: Generated OTP: 753191 for email: kotliner00001@gmail.com
2025-08-03T10:55:16.025Z [info]: User logged out successfully
2025-08-03T13:01:45.344Z [info]: Generated OTP: 300613 for email: header00001@gmail.com
2025-08-03T13:03:00.666Z [info]: Generated OTP: 445955 for forgot password request for email: header00001@gmail.com
2025-08-03T13:05:09.438Z [info]: Generated OTP: 675465 for email: footer00001@gmail.com
2025-08-03T13:48:32.435Z [info]: MongoDB connected: ac-ptht5ti-shard-00-00.go29sde.mongodb.net
2025-08-03T13:53:29.385Z [info]: MongoDB connected: ac-ptht5ti-shard-00-00.go29sde.mongodb.net
2025-08-03T14:00:51.298Z [info]: MongoDB connected: ac-ptht5ti-shard-00-00.go29sde.mongodb.net
2025-08-03T14:01:14.295Z [info]: MongoDB connected: ac-ptht5ti-shard-00-00.go29sde.mongodb.net
2025-08-03T14:01:39.377Z [info]: MongoDB connected: ac-ptht5ti-shard-00-00.go29sde.mongodb.net
2025-08-03T14:01:46.832Z [info]: MongoDB connected: ac-ptht5ti-shard-00-00.go29sde.mongodb.net
2025-08-03T14:02:13.880Z [info]: MongoDB connected: ac-ptht5ti-shard-00-00.go29sde.mongodb.net
2025-08-03T14:02:35.162Z [info]: MongoDB connected: ac-ptht5ti-shard-00-00.go29sde.mongodb.net
2025-08-03T14:03:09.450Z [info]: MongoDB connected: ac-ptht5ti-shard-00-00.go29sde.mongodb.net
2025-08-03T14:05:37.029Z [info]: MongoDB connected: ac-ptht5ti-shard-00-00.go29sde.mongodb.net
2025-08-03T14:05:47.021Z [info]: MongoDB connected: ac-ptht5ti-shard-00-00.go29sde.mongodb.net
2025-08-03T14:06:00.647Z [info]: MongoDB connected: ac-ptht5ti-shard-00-00.go29sde.mongodb.net
2025-08-03T14:06:15.987Z [info]: MongoDB connected: ac-ptht5ti-shard-00-00.go29sde.mongodb.net
2025-08-03T14:06:23.354Z [info]: MongoDB connected: ac-ptht5ti-shard-00-00.go29sde.mongodb.net
2025-08-03T14:07:19.310Z [info]: MongoDB connected: ac-ptht5ti-shard-00-00.go29sde.mongodb.net
2025-08-03T14:07:36.818Z [info]: MongoDB connected: ac-ptht5ti-shard-00-00.go29sde.mongodb.net
2025-08-03T14:08:04.142Z [info]: MongoDB connected: ac-ptht5ti-shard-00-00.go29sde.mongodb.net
2025-08-03T14:08:17.485Z [info]: MongoDB connected: ac-ptht5ti-shard-00-00.go29sde.mongodb.net
2025-08-03T14:08:37.319Z [info]: MongoDB connected: ac-ptht5ti-shard-00-00.go29sde.mongodb.net
2025-08-03T14:08:58.653Z [info]: MongoDB connected: ac-ptht5ti-shard-00-00.go29sde.mongodb.net
2025-08-03T14:09:13.131Z [info]: MongoDB connected: ac-ptht5ti-shard-00-00.go29sde.mongodb.net
2025-08-03T14:09:33.398Z [info]: MongoDB connected: ac-ptht5ti-shard-00-00.go29sde.mongodb.net
2025-08-03T14:10:13.734Z [info]: MongoDB connected: ac-ptht5ti-shard-00-00.go29sde.mongodb.net
2025-08-03T14:10:46.457Z [info]: MongoDB connected: ac-ptht5ti-shard-00-00.go29sde.mongodb.net
2025-08-03T14:11:14.312Z [info]: MongoDB connected: ac-ptht5ti-shard-00-00.go29sde.mongodb.net
2025-08-03T14:11:53.764Z [info]: MongoDB connected: ac-ptht5ti-shard-00-00.go29sde.mongodb.net
2025-08-03T14:21:42.440Z [info]: MongoDB connected: ac-ptht5ti-shard-00-00.go29sde.mongodb.net
2025-08-03T14:24:48.526Z [info]: MongoDB connected: ac-ptht5ti-shard-00-00.go29sde.mongodb.net
2025-08-03T14:24:57.099Z [info]: MongoDB connected: ac-ptht5ti-shard-00-00.go29sde.mongodb.net
2025-08-05T14:23:01.550Z [error]: Error connecting to MongoDB: MongooseServerSelectionError: Could not connect to any servers in your MongoDB Atlas cluster. One common reason is that you're trying to access the database from an IP that isn't whitelisted. Make sure your current IP address is on your Atlas cluster's IP whitelist: https://www.mongodb.com/docs/atlas/security-whitelist/
2025-08-05T14:23:24.378Z [info]: MongoDB connected: localhost
2025-08-05T14:38:59.115Z [info]: MongoDB connected: localhost
2025-08-05T19:33:53.312Z [error]: Error requesting OTP Email is already registered, Please Login
2025-08-05T19:34:30.559Z [info]: Generated OTP: 628893 for email: anshifpotten007@gmail.com
2025-08-05T19:35:14.756Z [info]: Generated OTP: 480617 for email: anshifpotten007@gmail.com
2025-08-05T19:37:24.846Z [error]: Error logging in Invalid password
2025-08-05T19:37:43.831Z [error]: Error logging in Invalid password
2025-08-05T19:37:57.210Z [info]: Generated OTP: 935627 for forgot password request for email: arshadpottengattu007@gmail.com
2025-08-05T19:37:59.395Z [info]: Generated OTP: 535627 for forgot password request for email: arshadpottengattu007@gmail.com
2025-08-05T19:41:46.147Z [info]: Generated OTP: 872949 for email: anshif@gmail.com
2025-08-05T19:43:36.486Z [info]: Generated OTP: 927500 for email: anshif@gmail.com
2025-08-05T19:43:58.779Z [error]: Error logging in User not found
2025-08-05T19:44:48.584Z [info]: Generated OTP: 870752 for email: fgnhgf@gmail.com
2025-08-05T19:44:52.775Z [info]: Generated OTP: 278905 for email: fgnhgf@gmail.com
2025-08-05T19:45:39.790Z [info]: Generated OTP: 604706 for email: fgnhgf@gmail.com
2025-08-05T19:47:02.616Z [info]: Generated OTP: 674041 for email: fgnhgf@gmail.com
2025-08-05T19:47:38.102Z [info]: Generated OTP: 230884 for email: eeeee@gmail.com
2025-08-05T19:47:49.888Z [info]: Generated OTP: 305187 for email: eeeee@gmail.com
2025-08-05T19:48:51.248Z [info]: MongoDB connected: localhost
2025-08-05T19:52:03.615Z [info]: MongoDB connected: localhost
2025-08-05T19:52:05.130Z [info]: Generated OTP: 393347 for email: eeeee@gmail.com
2025-08-05T19:53:54.332Z [info]: Generated OTP: 963729 for email: eeeee@gmail.com
2025-08-05T19:54:48.456Z [info]: Generated OTP: 931411 for email: eeeee@gmail.com
2025-08-05T19:55:19.881Z [info]: Generated OTP: 675418 for email: eeeee@gmail.com
2025-08-05T19:56:08.095Z [info]: Generated OTP: 185021 for email: eeeee@gmail.com
2025-08-05T20:00:18.435Z [info]: MongoDB connected: localhost
2025-08-05T20:00:28.074Z [info]: Generated OTP: 744983 for email: eeeee@gmail.com
2025-08-05T20:01:50.927Z [info]: MongoDB connected: localhost
2025-08-05T20:03:09.799Z [info]: Generated OTP: 748467 for email: eeeee@gmail.com
2025-08-05T20:09:11.827Z [error]: Error logging in Invalid password
2025-08-05T20:09:12.034Z [error]: Error logging in Invalid password
2025-08-05T20:09:26.106Z [error]: Error logging in Invalid password
2025-08-05T20:09:26.249Z [error]: Error logging in Invalid password
2025-08-05T20:18:30.532Z [info]: MongoDB connected: localhost
2025-08-05T20:19:07.079Z [info]: MongoDB connected: localhost
2025-08-05T20:19:26.052Z [info]: MongoDB connected: localhost
2025-08-05T20:19:55.893Z [info]: MongoDB connected: localhost
2025-08-05T20:20:35.538Z [info]: MongoDB connected: localhost
2025-08-05T20:21:52.755Z [info]: MongoDB connected: localhost
2025-08-05T20:22:37.409Z [info]: MongoDB connected: localhost
2025-08-05T20:22:43.563Z [info]: MongoDB connected: localhost
2025-08-05T20:23:13.978Z [info]: MongoDB connected: localhost
2025-08-05T20:23:54.241Z [info]: MongoDB connected: localhost
2025-08-05T20:26:41.405Z [info]: MongoDB connected: localhost
2025-08-05T21:03:23.731Z [info]: Generated OTP: 293414 for email: eeeee@gmail.com
2025-08-05T21:03:29.786Z [info]: Generated OTP: 917240 for email: eeeee@gmail.com
2025-08-05T22:06:30.949Z [info]: Generated OTP: 401752 for email: hellobro@gmail.com
2025-08-05T22:06:49.728Z [info]: Generated OTP: 439895 for email: hellobro@gmail.com
2025-08-05T22:07:47.900Z [info]: Generated OTP: 473991 for email: hellobro@gmail.com
2025-08-05T22:08:15.971Z [info]: Generated OTP: 424955 for email: hellobro@gmail.com
2025-08-05T22:15:49.396Z [info]: Generated OTP: 878106 for email: hellobro@gmail.com
2025-08-05T22:15:49.532Z [error]: Error requesting OTP Mail Delivery Failed
2025-08-05T22:16:06.756Z [info]: Generated OTP: 731510 for email: hellobro@gmail.com
2025-08-05T22:21:30.563Z [info]: Generated OTP: 918691 for email: hellobro@gmail.com
2025-08-05T22:21:30.659Z [error]: Error requesting OTP Mail Delivery Failed
2025-08-05T22:21:34.807Z [info]: Generated OTP: 312203 for email: hellobro@gmail.com
2025-08-05T22:25:15.505Z [info]: Generated OTP: 360834 for email: hellobro@gmail.com
2025-08-05T22:29:29.456Z [info]: Generated OTP: 791639 for email: hellobro@gmail.com
2025-08-05T22:32:58.365Z [info]: Generated OTP: 983012 for email: hellobro@gmail.com
2025-08-05T22:34:03.474Z [info]: Generated OTP: 523581 for email: hellobro@gmail.com
2025-08-05T22:35:10.530Z [error]: Error requesting OTP Email is already registered, Please Login
2025-08-05T22:35:14.696Z [error]: Error requesting OTP Email is already registered, Please Login
2025-08-05T22:36:13.456Z [info]: Generated OTP: 608363 for email: revefef@gmail.com
2025-08-05T22:36:27.860Z [info]: Generated OTP: 798258 for email: revefef@gmail.com
2025-08-05T22:37:09.921Z [info]: Generated OTP: 842292 for email: shamveeltiger19@gmail.com
2025-08-05T22:37:37.849Z [info]: Generated OTP: 216113 for email: shamveeltiger19@gmail.com
2025-08-05T22:38:42.880Z [info]: Generated OTP: 185001 for email: airdropmastermalayalam@gmail.com
2025-08-05T22:38:49.766Z [info]: Generated OTP: 252530 for email: airdropmastermalayalam@gmail.com
2025-08-05T22:38:57.123Z [info]: Generated OTP: 499754 for email: airdropmastermalayalam@gmail.com
2025-08-05T22:39:15.994Z [info]: Generated OTP: 826398 for email: airdropmastermalayalam@gmail.com
2025-08-05T22:39:41.549Z [info]: Generated OTP: 658511 for email: airdropmastermalayalam@gmail.com
2025-08-05T22:48:22.736Z [info]: Generated OTP: 494003 for email: hellobro123@gmail.com
2025-08-05T22:48:22.900Z [error]: Error requesting OTP Mail Delivery Failed
2025-08-05T22:48:26.334Z [info]: Generated OTP: 176391 for email: hellobro123@gmail.com
2025-08-05T22:49:15.958Z [info]: User logged out successfully
2025-08-05T22:59:09.948Z [info]: Generated OTP: 549361 for email: jackermon@gmail.com
2025-08-05T23:02:01.358Z [info]: User logged out successfully
2025-08-05T23:03:32.203Z [info]: User logged out successfully
2025-08-05T23:03:45.381Z [info]: Generated OTP: 206568 for forgot password request for email: jackermon@gmail.com
2025-08-05T23:04:42.356Z [info]: Generated OTP: 693614 for forgot password request for email: jackermon@gmail.com
2025-08-05T23:05:58.157Z [error]: Error logging in Invalid password
2025-08-06T06:09:19.434Z [info]: MongoDB connected: localhost
2025-08-06T07:45:05.200Z [info]: MongoDB connected: localhost
2025-08-06T07:47:53.707Z [info]: MongoDB connected: localhost
2025-08-06T07:48:14.327Z [info]: MongoDB connected: localhost
2025-08-06T11:00:45.461Z [info]: MongoDB connected: localhost
2025-08-06T11:02:28.194Z [info]: MongoDB connected: localhost
2025-08-06T11:04:44.455Z [info]: MongoDB connected: localhost
2025-08-06T11:08:57.636Z [info]: MongoDB connected: localhost
2025-08-06T11:10:01.483Z [info]: MongoDB connected: localhost
2025-08-06T11:10:09.383Z [info]: MongoDB connected: localhost
2025-08-06T11:10:26.813Z [info]: MongoDB connected: localhost
2025-08-06T11:58:34.992Z [info]: MongoDB connected: localhost
2025-08-06T12:40:35.855Z [error]: Admin login error: connect ECONNREFUSED 127.0.0.1:27017, connect ECONNREFUSED ::1:27017
2025-08-06T12:43:51.122Z [error]: Admin login error: connect ECONNREFUSED 127.0.0.1:27017, connect ECONNREFUSED ::1:27017
2025-08-06T12:44:52.868Z [error]: Error connecting to MongoDB: MongooseServerSelectionError: connect ECONNREFUSED 127.0.0.1:27017, connect ECONNREFUSED ::1:27017
2025-08-06T12:47:00.694Z [error]: Error connecting to MongoDB: MongooseServerSelectionError: Could not connect to any servers in your MongoDB Atlas cluster. One common reason is that you're trying to access the database from an IP that isn't whitelisted. Make sure your current IP address is on your Atlas cluster's IP whitelist: https://www.mongodb.com/docs/atlas/security-whitelist/
2025-08-06T12:48:22.439Z [info]: MongoDB connected: ac-ptht5ti-shard-00-01.go29sde.mongodb.net
2025-08-06T12:48:37.686Z [info]: MongoDB connected: ac-ptht5ti-shard-00-02.go29sde.mongodb.net
2025-08-06T12:49:11.513Z [info]: Admin logged in successfully
2025-08-06T12:59:01.877Z [info]: Admin logged in successfully
2025-08-06T13:34:02.256Z [info]: User logged out successfully
2025-08-06T13:34:26.942Z [error]: Error logging in User not found
2025-08-06T13:34:32.632Z [error]: Error logging in User not found
2025-08-06T13:35:16.303Z [info]: Generated OTP: 392866 for email: jackiechan00789@gmail.com
2025-08-06T15:06:33.607Z [info]: MongoDB connected: ac-ptht5ti-shard-00-00.go29sde.mongodb.net
2025-08-06T15:33:06.383Z [info]: MongoDB connected: ac-ptht5ti-shard-00-01.go29sde.mongodb.net
2025-08-06T15:34:05.833Z [info]: MongoDB connected: ac-ptht5ti-shard-00-00.go29sde.mongodb.net
2025-08-06T15:34:24.348Z [info]: MongoDB connected: ac-ptht5ti-shard-00-01.go29sde.mongodb.net
2025-08-06T15:34:57.009Z [info]: MongoDB connected: ac-ptht5ti-shard-00-00.go29sde.mongodb.net
2025-08-06T15:36:31.973Z [info]: MongoDB connected: ac-ptht5ti-shard-00-00.go29sde.mongodb.net
2025-08-06T15:39:06.267Z [info]: MongoDB connected: ac-ptht5ti-shard-00-01.go29sde.mongodb.net
2025-08-06T15:42:06.147Z [info]: MongoDB connected: ac-ptht5ti-shard-00-02.go29sde.mongodb.net
2025-08-06T15:43:21.791Z [info]: MongoDB connected: ac-ptht5ti-shard-00-00.go29sde.mongodb.net
2025-08-06T15:50:48.693Z [info]: User logged out successfully
2025-08-06T15:51:32.014Z [info]: User logged out successfully
2025-08-06T15:51:40.956Z [error]: Error logging in This user is banned
2025-08-06T15:51:43.651Z [error]: Error logging in This user is banned
2025-08-06T15:51:44.312Z [error]: Error logging in This user is banned
2025-08-06T16:24:08.693Z [info]: Admin logged in successfully
2025-08-06T17:24:53.321Z [info]: MongoDB connected: ac-ptht5ti-shard-00-01.go29sde.mongodb.net
2025-08-06T17:25:10.511Z [info]: MongoDB connected: ac-ptht5ti-shard-00-00.go29sde.mongodb.net
2025-08-06T17:28:15.721Z [info]: MongoDB connected: ac-ptht5ti-shard-00-01.go29sde.mongodb.net
2025-08-06T17:28:35.944Z [info]: MongoDB connected: ac-ptht5ti-shard-00-00.go29sde.mongodb.net
2025-08-06T17:29:00.964Z [info]: MongoDB connected: ac-ptht5ti-shard-00-02.go29sde.mongodb.net
2025-08-06T17:29:19.002Z [info]: MongoDB connected: ac-ptht5ti-shard-00-01.go29sde.mongodb.net
2025-08-06T17:29:42.227Z [info]: MongoDB connected: ac-ptht5ti-shard-00-02.go29sde.mongodb.net
2025-08-06T17:29:50.466Z [info]: MongoDB connected: ac-ptht5ti-shard-00-02.go29sde.mongodb.net
2025-08-06T17:29:56.608Z [info]: MongoDB connected: ac-ptht5ti-shard-00-02.go29sde.mongodb.net
2025-08-06T17:30:20.512Z [info]: MongoDB connected: ac-ptht5ti-shard-00-00.go29sde.mongodb.net
2025-08-06T17:31:46.527Z [info]: MongoDB connected: ac-ptht5ti-shard-00-01.go29sde.mongodb.net
2025-08-06T17:43:18.862Z [info]: MongoDB connected: ac-ptht5ti-shard-00-00.go29sde.mongodb.net
2025-08-06T17:43:39.421Z [info]: MongoDB connected: ac-ptht5ti-shard-00-00.go29sde.mongodb.net
2025-08-06T17:44:22.493Z [info]: MongoDB connected: ac-ptht5ti-shard-00-02.go29sde.mongodb.net
2025-08-06T17:44:43.976Z [info]: MongoDB connected: ac-ptht5ti-shard-00-02.go29sde.mongodb.net
2025-08-06T17:45:13.559Z [info]: MongoDB connected: ac-ptht5ti-shard-00-01.go29sde.mongodb.net
2025-08-06T17:45:37.971Z [info]: MongoDB connected: ac-ptht5ti-shard-00-00.go29sde.mongodb.net
2025-08-06T17:45:52.637Z [info]: MongoDB connected: ac-ptht5ti-shard-00-01.go29sde.mongodb.net
2025-08-06T17:47:29.164Z [info]: MongoDB connected: ac-ptht5ti-shard-00-00.go29sde.mongodb.net
2025-08-06T17:47:46.590Z [info]: MongoDB connected: ac-ptht5ti-shard-00-00.go29sde.mongodb.net
2025-08-06T17:48:04.263Z [info]: MongoDB connected: ac-ptht5ti-shard-00-00.go29sde.mongodb.net
2025-08-06T17:59:29.433Z [info]: MongoDB connected: ac-ptht5ti-shard-00-02.go29sde.mongodb.net
2025-08-06T18:00:36.569Z [info]: MongoDB connected: ac-ptht5ti-shard-00-02.go29sde.mongodb.net
2025-08-06T18:01:12.052Z [info]: MongoDB connected: ac-ptht5ti-shard-00-02.go29sde.mongodb.net
2025-08-06T18:01:18.697Z [info]: MongoDB connected: ac-ptht5ti-shard-00-00.go29sde.mongodb.net
2025-08-06T18:04:25.191Z [info]: MongoDB connected: ac-ptht5ti-shard-00-02.go29sde.mongodb.net
2025-08-06T18:04:37.370Z [info]: MongoDB connected: ac-ptht5ti-shard-00-00.go29sde.mongodb.net
2025-08-06T18:04:59.846Z [info]: MongoDB connected: ac-ptht5ti-shard-00-00.go29sde.mongodb.net
2025-08-06T18:05:17.795Z [info]: MongoDB connected: ac-ptht5ti-shard-00-00.go29sde.mongodb.net
2025-08-06T18:05:59.729Z [info]: MongoDB connected: ac-ptht5ti-shard-00-02.go29sde.mongodb.net
2025-08-06T18:06:25.719Z [info]: MongoDB connected: ac-ptht5ti-shard-00-02.go29sde.mongodb.net
2025-08-06T18:06:40.438Z [info]: MongoDB connected: ac-ptht5ti-shard-00-00.go29sde.mongodb.net
2025-08-06T18:06:54.774Z [info]: MongoDB connected: ac-ptht5ti-shard-00-00.go29sde.mongodb.net
2025-08-06T18:07:32.381Z [info]: MongoDB connected: ac-ptht5ti-shard-00-01.go29sde.mongodb.net
2025-08-06T18:07:41.216Z [info]: MongoDB connected: ac-ptht5ti-shard-00-01.go29sde.mongodb.net
2025-08-06T18:08:39.257Z [info]: MongoDB connected: ac-ptht5ti-shard-00-01.go29sde.mongodb.net
2025-08-06T18:09:00.536Z [info]: MongoDB connected: ac-ptht5ti-shard-00-01.go29sde.mongodb.net
2025-08-06T18:09:15.650Z [info]: MongoDB connected: ac-ptht5ti-shard-00-01.go29sde.mongodb.net
2025-08-06T18:09:42.057Z [info]: MongoDB connected: ac-ptht5ti-shard-00-00.go29sde.mongodb.net
2025-08-06T18:09:48.381Z [info]: MongoDB connected: ac-ptht5ti-shard-00-02.go29sde.mongodb.net
2025-08-06T18:09:59.606Z [info]: MongoDB connected: ac-ptht5ti-shard-00-02.go29sde.mongodb.net
2025-08-06T18:10:18.217Z [info]: MongoDB connected: ac-ptht5ti-shard-00-01.go29sde.mongodb.net
2025-08-06T18:14:58.658Z [info]: MongoDB connected: ac-ptht5ti-shard-00-01.go29sde.mongodb.net
2025-08-06T18:16:20.523Z [info]: MongoDB connected: ac-ptht5ti-shard-00-02.go29sde.mongodb.net
2025-08-06T18:16:29.312Z [info]: MongoDB connected: ac-ptht5ti-shard-00-02.go29sde.mongodb.net
2025-08-06T18:16:48.719Z [info]: MongoDB connected: ac-ptht5ti-shard-00-01.go29sde.mongodb.net
2025-08-06T18:17:17.382Z [info]: MongoDB connected: ac-ptht5ti-shard-00-00.go29sde.mongodb.net
2025-08-06T18:19:26.347Z [info]: MongoDB connected: ac-ptht5ti-shard-00-02.go29sde.mongodb.net
2025-08-06T18:19:57.398Z [info]: MongoDB connected: ac-ptht5ti-shard-00-01.go29sde.mongodb.net
2025-08-06T18:20:42.289Z [info]: MongoDB connected: ac-ptht5ti-shard-00-01.go29sde.mongodb.net
2025-08-06T18:21:20.442Z [info]: MongoDB connected: ac-ptht5ti-shard-00-00.go29sde.mongodb.net
2025-08-06T18:21:55.425Z [info]: MongoDB connected: ac-ptht5ti-shard-00-01.go29sde.mongodb.net
2025-08-06T18:22:06.724Z [info]: MongoDB connected: ac-ptht5ti-shard-00-00.go29sde.mongodb.net
2025-08-06T18:22:19.599Z [info]: MongoDB connected: ac-ptht5ti-shard-00-01.go29sde.mongodb.net
2025-08-06T18:24:24.732Z [info]: MongoDB connected: ac-ptht5ti-shard-00-01.go29sde.mongodb.net
2025-08-06T18:24:31.862Z [info]: MongoDB connected: ac-ptht5ti-shard-00-00.go29sde.mongodb.net
2025-08-06T18:24:46.483Z [info]: MongoDB connected: ac-ptht5ti-shard-00-01.go29sde.mongodb.net
2025-08-06T18:24:55.879Z [info]: MongoDB connected: ac-ptht5ti-shard-00-00.go29sde.mongodb.net
2025-08-06T18:25:15.623Z [info]: MongoDB connected: ac-ptht5ti-shard-00-01.go29sde.mongodb.net
2025-08-06T18:25:24.703Z [info]: MongoDB connected: ac-ptht5ti-shard-00-02.go29sde.mongodb.net
2025-08-06T18:25:57.404Z [info]: MongoDB connected: ac-ptht5ti-shard-00-00.go29sde.mongodb.net
2025-08-06T18:26:15.163Z [info]: MongoDB connected: ac-ptht5ti-shard-00-02.go29sde.mongodb.net
2025-08-06T18:48:23.917Z [info]: User logged out successfully
2025-08-06T19:32:53.944Z [info]: User logged out successfully
2025-08-06T20:11:03.873Z [info]: MongoDB connected: ac-ptht5ti-shard-00-02.go29sde.mongodb.net
2025-08-06T20:12:05.045Z [info]: MongoDB connected: ac-ptht5ti-shard-00-02.go29sde.mongodb.net
2025-08-06T20:33:58.598Z [info]: MongoDB connected: ac-ptht5ti-shard-00-00.go29sde.mongodb.net
2025-08-06T20:35:00.212Z [info]: MongoDB connected: ac-ptht5ti-shard-00-02.go29sde.mongodb.net
2025-08-06T20:39:32.138Z [info]: MongoDB connected: ac-ptht5ti-shard-00-01.go29sde.mongodb.net
2025-08-06T20:45:43.426Z [info]: MongoDB connected: ac-ptht5ti-shard-00-01.go29sde.mongodb.net
2025-08-06T20:46:37.589Z [info]: MongoDB connected: ac-ptht5ti-shard-00-02.go29sde.mongodb.net
2025-08-06T20:47:11.854Z [info]: MongoDB connected: ac-ptht5ti-shard-00-00.go29sde.mongodb.net
2025-08-06T20:47:32.609Z [info]: MongoDB connected: ac-ptht5ti-shard-00-01.go29sde.mongodb.net
2025-08-06T20:48:26.557Z [info]: MongoDB connected: ac-ptht5ti-shard-00-02.go29sde.mongodb.net
2025-08-06T20:48:46.904Z [info]: MongoDB connected: ac-ptht5ti-shard-00-00.go29sde.mongodb.net
2025-08-06T20:49:00.957Z [info]: MongoDB connected: ac-ptht5ti-shard-00-02.go29sde.mongodb.net
2025-08-06T20:49:09.118Z [info]: MongoDB connected: ac-ptht5ti-shard-00-02.go29sde.mongodb.net
2025-08-06T20:49:51.756Z [info]: MongoDB connected: ac-ptht5ti-shard-00-02.go29sde.mongodb.net
2025-08-06T20:50:40.708Z [info]: MongoDB connected: ac-ptht5ti-shard-00-01.go29sde.mongodb.net
2025-08-06T20:51:35.932Z [info]: MongoDB connected: ac-ptht5ti-shard-00-01.go29sde.mongodb.net
2025-08-06T20:52:41.882Z [info]: MongoDB connected: ac-ptht5ti-shard-00-00.go29sde.mongodb.net
2025-08-06T20:53:00.765Z [info]: MongoDB connected: ac-ptht5ti-shard-00-02.go29sde.mongodb.net
2025-08-06T20:54:02.059Z [info]: MongoDB connected: ac-ptht5ti-shard-00-02.go29sde.mongodb.net
2025-08-06T20:54:30.621Z [info]: MongoDB connected: ac-ptht5ti-shard-00-02.go29sde.mongodb.net
2025-08-06T20:57:34.821Z [info]: MongoDB connected: ac-ptht5ti-shard-00-01.go29sde.mongodb.net
2025-08-06T20:57:48.134Z [info]: MongoDB connected: ac-ptht5ti-shard-00-02.go29sde.mongodb.net
2025-08-06T20:58:02.573Z [info]: MongoDB connected: ac-ptht5ti-shard-00-01.go29sde.mongodb.net
2025-08-06T20:58:35.182Z [info]: MongoDB connected: ac-ptht5ti-shard-00-01.go29sde.mongodb.net
2025-08-06T20:59:05.775Z [info]: MongoDB connected: ac-ptht5ti-shard-00-00.go29sde.mongodb.net
2025-08-06T20:59:27.465Z [info]: MongoDB connected: ac-ptht5ti-shard-00-02.go29sde.mongodb.net
2025-08-06T21:00:04.558Z [info]: MongoDB connected: ac-ptht5ti-shard-00-02.go29sde.mongodb.net
2025-08-06T21:00:31.425Z [info]: MongoDB connected: ac-ptht5ti-shard-00-00.go29sde.mongodb.net
2025-08-06T21:00:47.623Z [info]: MongoDB connected: ac-ptht5ti-shard-00-01.go29sde.mongodb.net
2025-08-06T21:01:22.143Z [info]: MongoDB connected: ac-ptht5ti-shard-00-01.go29sde.mongodb.net
2025-08-06T21:01:45.123Z [info]: MongoDB connected: ac-ptht5ti-shard-00-01.go29sde.mongodb.net
2025-08-06T21:01:53.226Z [info]: MongoDB connected: ac-ptht5ti-shard-00-01.go29sde.mongodb.net
2025-08-06T21:02:07.335Z [info]: MongoDB connected: ac-ptht5ti-shard-00-02.go29sde.mongodb.net
2025-08-06T21:02:43.411Z [info]: MongoDB connected: ac-ptht5ti-shard-00-01.go29sde.mongodb.net
2025-08-06T21:10:14.037Z [info]: MongoDB connected: ac-ptht5ti-shard-00-02.go29sde.mongodb.net
2025-08-06T21:10:36.137Z [info]: MongoDB connected: ac-ptht5ti-shard-00-02.go29sde.mongodb.net
2025-08-06T21:10:55.310Z [info]: MongoDB connected: ac-ptht5ti-shard-00-01.go29sde.mongodb.net
2025-08-06T21:11:15.945Z [info]: MongoDB connected: ac-ptht5ti-shard-00-02.go29sde.mongodb.net
2025-08-06T21:11:26.998Z [info]: MongoDB connected: ac-ptht5ti-shard-00-01.go29sde.mongodb.net
2025-08-06T21:11:46.822Z [info]: MongoDB connected: ac-ptht5ti-shard-00-02.go29sde.mongodb.net
2025-08-06T21:12:05.445Z [info]: MongoDB connected: ac-ptht5ti-shard-00-01.go29sde.mongodb.net
2025-08-06T21:12:14.139Z [info]: MongoDB connected: ac-ptht5ti-shard-00-02.go29sde.mongodb.net
2025-08-06T21:12:47.528Z [info]: MongoDB connected: ac-ptht5ti-shard-00-02.go29sde.mongodb.net
2025-08-06T21:13:08.267Z [info]: MongoDB connected: ac-ptht5ti-shard-00-02.go29sde.mongodb.net
2025-08-06T21:13:20.268Z [info]: MongoDB connected: ac-ptht5ti-shard-00-01.go29sde.mongodb.net
2025-08-06T21:13:56.686Z [info]: MongoDB connected: ac-ptht5ti-shard-00-02.go29sde.mongodb.net
2025-08-06T21:35:30.926Z [info]: MongoDB connected: ac-ptht5ti-shard-00-01.go29sde.mongodb.net
2025-08-06T21:36:21.164Z [info]: MongoDB connected: ac-ptht5ti-shard-00-00.go29sde.mongodb.net
2025-08-06T21:36:59.748Z [info]: MongoDB connected: ac-ptht5ti-shard-00-00.go29sde.mongodb.net
2025-08-06T21:37:47.159Z [info]: MongoDB connected: ac-ptht5ti-shard-00-00.go29sde.mongodb.net
2025-08-06T21:45:08.838Z [info]: MongoDB connected: ac-ptht5ti-shard-00-02.go29sde.mongodb.net
2025-08-06T22:15:10.508Z [info]: MongoDB connected: ac-ptht5ti-shard-00-01.go29sde.mongodb.net
2025-08-06T23:38:14.093Z [info]: MongoDB connected: ac-ptht5ti-shard-00-02.go29sde.mongodb.net
2025-08-06T23:38:39.521Z [info]: MongoDB connected: ac-ptht5ti-shard-00-02.go29sde.mongodb.net
2025-08-06T23:42:39.969Z [info]: MongoDB connected: ac-ptht5ti-shard-00-00.go29sde.mongodb.net
2025-08-06T23:43:14.129Z [info]: MongoDB connected: ac-ptht5ti-shard-00-01.go29sde.mongodb.net
2025-08-06T23:43:21.184Z [info]: MongoDB connected: ac-ptht5ti-shard-00-00.go29sde.mongodb.net
2025-08-06T23:44:03.833Z [info]: MongoDB connected: ac-ptht5ti-shard-00-02.go29sde.mongodb.net
2025-08-06T23:44:35.453Z [info]: MongoDB connected: ac-ptht5ti-shard-00-00.go29sde.mongodb.net
2025-08-07T03:46:12.315Z [info]: MongoDB connected: ac-ptht5ti-shard-00-01.go29sde.mongodb.net
2025-08-07T03:46:51.313Z [info]: MongoDB connected: ac-ptht5ti-shard-00-01.go29sde.mongodb.net
2025-08-07T03:47:59.414Z [info]: MongoDB connected: ac-ptht5ti-shard-00-02.go29sde.mongodb.net
2025-08-07T03:48:38.778Z [info]: MongoDB connected: ac-ptht5ti-shard-00-02.go29sde.mongodb.net
2025-08-07T03:49:33.928Z [info]: MongoDB connected: ac-ptht5ti-shard-00-01.go29sde.mongodb.net
2025-08-07T03:50:06.343Z [info]: MongoDB connected: ac-ptht5ti-shard-00-00.go29sde.mongodb.net
2025-08-07T03:50:24.248Z [info]: MongoDB connected: ac-ptht5ti-shard-00-01.go29sde.mongodb.net
2025-08-07T03:50:46.202Z [info]: MongoDB connected: ac-ptht5ti-shard-00-01.go29sde.mongodb.net
2025-08-07T03:51:18.138Z [info]: MongoDB connected: ac-ptht5ti-shard-00-01.go29sde.mongodb.net
2025-08-07T03:51:41.922Z [info]: MongoDB connected: ac-ptht5ti-shard-00-00.go29sde.mongodb.net
2025-08-07T04:32:50.326Z [info]: MongoDB connected: ac-ptht5ti-shard-00-01.go29sde.mongodb.net
2025-08-07T04:54:57.569Z [info]: Community application created for email: clownsart385@gmail.com
2025-08-07T04:55:14.196Z [info]: Generated OTP: 101327 for email: clownsart385@gmail.com
2025-08-07T04:55:18.314Z [info]: Password set for community admin: clownsart385@gmail.com
2025-08-07T04:55:34.226Z [info]: OTP verified for community admin: clownsart385@gmail.com
2025-08-07T04:59:27.172Z [info]: Admin logged in successfully
2025-08-07T05:03:04.819Z [info]: Community created from request: 689431a1a857c774bc6eeaee
2025-08-07T05:03:05.324Z [info]: Community request approved: 689431a1a857c774bc6eeaee
2025-08-07T05:07:57.241Z [info]: Community admin logged in: clownsart385@gmail.com
2025-08-07T05:11:44.567Z [info]: Community admin logged in: clownsart385@gmail.com
2025-08-07T05:41:08.259Z [info]: MongoDB connected: ac-ptht5ti-shard-00-00.go29sde.mongodb.net
2025-08-07T05:42:56.739Z [info]: Admin logged in successfully
2025-08-07T05:51:28.654Z [info]: MongoDB connected: ac-ptht5ti-shard-00-01.go29sde.mongodb.net
2025-08-07T05:54:00.447Z [info]: MongoDB connected: ac-ptht5ti-shard-00-02.go29sde.mongodb.net
2025-08-07T06:13:11.127Z [info]: MongoDB connected: ac-ptht5ti-shard-00-01.go29sde.mongodb.net
2025-08-07T06:17:05.548Z [info]: MongoDB connected: ac-ptht5ti-shard-00-00.go29sde.mongodb.net
2025-08-07T06:25:19.829Z [info]: User logged out successfully
2025-08-07T09:07:00.652Z [error]: Error connecting to MongoDB: MongooseServerSelectionError: Could not connect to any servers in your MongoDB Atlas cluster. One common reason is that you're trying to access the database from an IP that isn't whitelisted. Make sure your current IP address is on your Atlas cluster's IP whitelist: https://www.mongodb.com/docs/atlas/security-whitelist/
2025-08-07T09:09:06.419Z [info]: MongoDB connected: ac-ptht5ti-shard-00-02.go29sde.mongodb.net
2025-08-07T09:22:32.029Z [error]: Error logging in with Google jwt.split is not a function
2025-08-07T09:24:32.874Z [info]: MongoDB connected: ac-ptht5ti-shard-00-02.go29sde.mongodb.net
2025-08-07T09:27:38.660Z [error]: Error logging in with Google jwt.split is not a function
2025-08-07T09:28:27.803Z [info]: MongoDB connected: ac-ptht5ti-shard-00-00.go29sde.mongodb.net
2025-08-07T09:28:41.823Z [error]: Error logging in with Google jwt.split is not a function
2025-08-07T09:30:04.338Z [info]: MongoDB connected: ac-ptht5ti-shard-00-00.go29sde.mongodb.net
2025-08-07T09:30:20.248Z [error]: Error logging in with Google jwt.split is not a function
2025-08-07T09:30:47.024Z [error]: Error logging in with Google jwt.split is not a function
2025-08-07T09:32:14.422Z [info]: MongoDB connected: ac-ptht5ti-shard-00-02.go29sde.mongodb.net
2025-08-07T09:32:29.476Z [error]: Error logging in with Google jwt.split is not a function
2025-08-07T09:32:46.135Z [info]: MongoDB connected: ac-ptht5ti-shard-00-02.go29sde.mongodb.net
2025-08-07T09:33:26.997Z [error]: Error logging in User not found
2025-08-07T09:33:29.341Z [error]: Error logging in User not found
2025-08-07T09:34:00.652Z [info]: Generated OTP: 432527 for email: newboyamapoyil@gmail.com
2025-08-07T09:34:31.988Z [info]: User logged out successfully
