2025-07-28T17:24:25.379Z [error]: Error verifying OTP E11000 duplicate key error collection: ChainVerse_001.users index: refferalCode_1 dup key: { refferalCode: null }
2025-07-28T17:25:06.151Z [error]: Error verifying OTP OTP not found for this email
2025-07-29T05:04:50.688Z [error]: Error logging in Invalid password
2025-07-29T06:16:23.440Z [error]: Error logging in Invalid password
2025-07-29T06:17:24.167Z [error]: Error logging in Invalid password
2025-08-01T04:28:22.508Z [error]: Redis Client Error
2025-08-01T04:28:22.745Z [error]: Redis Client Error
2025-08-01T04:28:22.991Z [error]: Redis Client Error
2025-08-01T04:28:23.281Z [error]: Redis Client Error
2025-08-01T04:28:23.786Z [error]: Redis Client Error
2025-08-01T04:28:24.615Z [error]: Redis Client Error
2025-08-01T04:28:26.237Z [error]: Redis Client Error
2025-08-01T04:28:28.353Z [error]: Redis Client Error
2025-08-01T04:28:30.393Z [error]: Redis Client Error
2025-08-01T04:28:32.581Z [error]: Redis Client Error
2025-08-01T04:28:34.695Z [error]: Redis Client Error
2025-08-01T04:28:36.753Z [error]: Redis Client Error
2025-08-01T04:28:38.868Z [error]: Redis Client Error
2025-08-01T04:28:41.043Z [error]: Redis Client Error
2025-08-01T04:28:43.220Z [error]: Redis Client Error
2025-08-01T04:28:58.128Z [error]: Redis Client Error
2025-08-01T04:28:58.344Z [error]: Redis Client Error
2025-08-01T04:28:58.588Z [error]: Redis Client Error
2025-08-01T04:28:58.942Z [error]: Redis Client Error
2025-08-01T04:28:59.447Z [error]: Redis Client Error
2025-08-01T04:29:00.290Z [error]: Redis Client Error
2025-08-01T04:29:01.959Z [error]: Redis Client Error
2025-08-01T04:29:04.101Z [error]: Redis Client Error
2025-08-01T04:29:06.216Z [error]: Redis Client Error
2025-08-01T04:29:08.285Z [error]: Redis Client Error
2025-08-01T04:29:10.294Z [error]: Redis Client Error
2025-08-01T04:29:12.470Z [error]: Redis Client Error
2025-08-01T04:29:14.593Z [error]: Redis Client Error
2025-08-01T04:29:16.698Z [error]: Redis Client Error
2025-08-01T04:29:18.722Z [error]: Redis Client Error
2025-08-01T04:29:20.880Z [error]: Redis Client Error
2025-08-01T04:29:22.951Z [error]: Redis Client Error
2025-08-01T04:29:25.083Z [error]: Redis Client Error
2025-08-01T04:29:27.165Z [error]: Redis Client Error
2025-08-01T04:29:29.230Z [error]: Redis Client Error
2025-08-01T04:29:31.270Z [error]: Redis Client Error
2025-08-01T04:29:33.325Z [error]: Redis Client Error
2025-08-01T04:29:35.409Z [error]: Redis Client Error
2025-08-01T04:29:51.220Z [error]: Redis Client Error
2025-08-01T04:29:51.429Z [error]: Redis Client Error
2025-08-01T04:29:51.673Z [error]: Redis Client Error
2025-08-01T04:29:52.026Z [error]: Redis Client Error
2025-08-01T04:29:52.456Z [error]: Redis Client Error
2025-08-01T04:29:53.391Z [error]: Redis Client Error
2025-08-01T04:29:55.063Z [error]: Redis Client Error
2025-08-01T04:29:57.085Z [error]: Redis Client Error
2025-08-01T04:29:59.276Z [error]: Redis Client Error
2025-08-01T04:30:01.345Z [error]: Redis Client Error
2025-08-01T04:30:03.460Z [error]: Redis Client Error
2025-08-01T04:30:05.500Z [error]: Redis Client Error
2025-08-01T04:30:07.643Z [error]: Redis Client Error
2025-08-01T04:30:09.835Z [error]: Redis Client Error
2025-08-01T04:30:11.855Z [error]: Redis Client Error
2025-08-01T04:30:14.061Z [error]: Redis Client Error
2025-08-01T04:30:16.207Z [error]: Redis Client Error
2025-08-01T04:30:18.401Z [error]: Redis Client Error
2025-08-01T04:30:20.423Z [error]: Redis Client Error
2025-08-01T04:30:22.600Z [error]: Redis Client Error
2025-08-01T04:30:24.809Z [error]: Redis Client Error
2025-08-01T04:30:26.818Z [error]: Redis Client Error
2025-08-01T04:30:29.024Z [error]: Redis Client Error
2025-08-01T04:30:31.161Z [error]: Redis Client Error
2025-08-01T04:34:05.696Z [error]: Redis Client Error
2025-08-01T04:34:05.873Z [error]: Redis Client Error
2025-08-01T04:34:06.026Z [error]: Redis Client Error
2025-08-01T04:34:06.302Z [error]: Redis Client Error
2025-08-01T04:34:06.716Z [error]: Redis Client Error
2025-08-01T04:34:07.621Z [error]: Redis Client Error
2025-08-01T04:34:09.291Z [error]: Redis Client Error
2025-08-01T04:34:11.482Z [error]: Redis Client Error
2025-08-01T04:34:13.603Z [error]: Redis Client Error
2025-08-01T04:34:15.632Z [error]: Redis Client Error
2025-08-01T04:34:17.821Z [error]: Redis Client Error
2025-08-01T04:34:19.998Z [error]: Redis Client Error
2025-08-01T04:34:24.758Z [error]: Redis Client Error
2025-08-01T04:34:26.838Z [error]: Redis Client Error
2025-08-01T04:34:28.860Z [error]: Redis Client Error
2025-08-01T04:34:30.977Z [error]: Redis Client Error
2025-08-01T04:34:33.123Z [error]: Redis Client Error
2025-08-01T04:34:35.353Z [error]: Redis Client Error
2025-08-01T04:34:37.384Z [error]: Redis Client Error
2025-08-01T04:34:39.514Z [error]: Redis Client Error
2025-08-01T04:34:41.602Z [error]: Redis Client Error
2025-08-01T04:34:43.666Z [error]: Redis Client Error
2025-08-01T04:34:45.721Z [error]: Redis Client Error
2025-08-01T04:34:47.748Z [error]: Redis Client Error
2025-08-01T04:34:49.836Z [error]: Redis Client Error
2025-08-01T04:34:52.031Z [error]: Redis Client Error
2025-08-01T06:05:45.783Z [error]: Redis Client Error
2025-08-01T06:05:45.902Z [error]: Redis Client Error
2025-08-01T06:05:46.071Z [error]: Redis Client Error
2025-08-01T06:05:46.286Z [error]: Redis Client Error
2025-08-01T06:05:46.853Z [error]: Redis Client Error
2025-08-01T06:05:47.848Z [error]: Redis Client Error
2025-08-01T06:05:49.488Z [error]: Redis Client Error
2025-08-01T06:05:51.696Z [error]: Redis Client Error
2025-08-01T06:05:53.858Z [error]: Redis Client Error
2025-08-01T06:05:55.925Z [error]: Redis Client Error
2025-08-01T06:05:58.010Z [error]: Redis Client Error
2025-08-01T06:06:00.155Z [error]: Redis Client Error
2025-08-01T06:06:02.349Z [error]: Redis Client Error
2025-08-01T06:06:04.457Z [error]: Redis Client Error
2025-08-01T06:06:06.598Z [error]: Redis Client Error
2025-08-01T06:06:08.670Z [error]: Redis Client Error
2025-08-01T06:06:10.707Z [error]: Redis Client Error
2025-08-01T06:06:12.838Z [error]: Redis Client Error
2025-08-01T06:06:14.971Z [error]: Redis Client Error
2025-08-01T06:06:30.162Z [error]: Redis Client Error
2025-08-01T06:06:30.335Z [error]: Redis Client Error
2025-08-01T06:06:30.569Z [error]: Redis Client Error
2025-08-01T06:06:30.875Z [error]: Redis Client Error
2025-08-01T06:06:31.412Z [error]: Redis Client Error
2025-08-01T06:06:32.377Z [error]: Redis Client Error
2025-08-01T06:06:34.093Z [error]: Redis Client Error
2025-08-01T06:06:36.299Z [error]: Redis Client Error
2025-08-01T06:06:38.338Z [error]: Redis Client Error
2025-08-01T06:06:40.421Z [error]: Redis Client Error
2025-08-01T06:06:42.447Z [error]: Redis Client Error
2025-08-01T06:06:44.484Z [error]: Redis Client Error
2025-08-01T06:14:06.197Z [error]: Error verifying OTP Invalid OTP
2025-08-01T10:39:38.910Z [error]: Error logging in Invalid password
2025-08-01T10:39:45.529Z [error]: Error logging in Invalid password
2025-08-02T11:00:20.355Z [error]: Error logging in User not found
2025-08-02T11:00:43.488Z [error]: Error logging in Invalid password
2025-08-02T11:09:54.599Z [error]: Error logging in Invalid password
2025-08-02T12:11:15.552Z [error]: Error logging in User not found
2025-08-02T12:12:06.296Z [error]: Error logging in User not found
2025-08-02T12:14:43.856Z [error]: Error logging in User not found
2025-08-02T12:14:54.112Z [error]: Error logging in User not found
2025-08-02T13:53:13.710Z [error]: Error resetting password User not found
2025-08-02T13:54:39.119Z [error]: Error resetting password User not found
2025-08-02T14:01:23.759Z [error]: Error logging in Invalid password
2025-08-02T14:25:28.514Z [error]: Error logging in Invalid password
2025-08-02T16:26:01.509Z [error]: Error connecting to MongoDB: MongooseServerSelectionError: connect ECONNREFUSED 127.0.0.1:27017, connect ECONNREFUSED ::1:27017
2025-08-03T08:03:48.753Z [error]: Error connecting to MongoDB: MongooseServerSelectionError: connect ECONNREFUSED 127.0.0.1:27017, connect ECONNREFUSED ::1:27017
2025-08-03T08:05:04.384Z [error]: Error connecting to MongoDB: MongooseServerSelectionError: Could not connect to any servers in your MongoDB Atlas cluster. One common reason is that you're trying to access the database from an IP that isn't whitelisted. Make sure your current IP address is on your Atlas cluster's IP whitelist: https://www.mongodb.com/docs/atlas/security-whitelist/
2025-08-03T08:24:43.029Z [error]: Error logging in User not found
2025-08-03T08:26:07.141Z [error]: Error logging in Invalid password
2025-08-03T10:13:27.309Z [error]: Error resetting password Invalid password reset token
2025-08-03T10:29:28.641Z [error]: Error logging in Invalid password
2025-08-03T10:29:34.632Z [error]: Error logging in Invalid password
2025-08-03T10:47:40.955Z [error]: Error verifying OTP E11000 duplicate key error collection: test.users index: referralCode_1 dup key: { referralCode: null }
2025-08-03T10:49:42.394Z [error]: Error verifying OTP E11000 duplicate key error collection: test.users index: referralCode_1 dup key: { referralCode: null }
2025-08-03T10:53:19.995Z [error]: Error verifying OTP E11000 duplicate key error collection: test.users index: referralCode_1 dup key: { referralCode: null }
2025-08-05T14:23:01.550Z [error]: Error connecting to MongoDB: MongooseServerSelectionError: Could not connect to any servers in your MongoDB Atlas cluster. One common reason is that you're trying to access the database from an IP that isn't whitelisted. Make sure your current IP address is on your Atlas cluster's IP whitelist: https://www.mongodb.com/docs/atlas/security-whitelist/
